0 info it worked if it ends with ok
1 verbose cli [ 'C:\\Program Files (x86)\\nodejs\\\\node.exe',
1 verbose cli   'C:\\Program Files (x86)\\nodejs\\node_modules\\npm\\bin\\npm-cli.js',
1 verbose cli   'start' ]
2 info using npm@1.4.3
3 info using node@v0.10.26
4 verbose node symlink C:\Program Files (x86)\nodejs\\node.exe
5 verbose run-script [ 'prestart', 'start', 'poststart' ]
6 info prestart yez@0.0.4
7 info start yez@0.0.4
8 verbose unsafe-perm in lifecycle true
9 info yez@0.0.4 Failed to exec start script
10 error yez@0.0.4 start: `node ./node/index.js`
10 error Exit status 8
11 error Failed at the yez@0.0.4 start script.
11 error This is most likely a problem with the yez package,
11 error not with npm itself.
11 error Tell the author that this fails on your system:
11 error     node ./node/index.js
11 error You can get their info via:
11 error     npm owner ls yez
11 error There is likely additional logging output above.
12 error System Windows_NT 6.1.7600
13 error command "C:\\Program Files (x86)\\nodejs\\\\node.exe" "C:\\Program Files (x86)\\nodejs\\node_modules\\npm\\bin\\npm-cli.js" "start"
14 error cwd D:\work\KrasimirTsonev\github\yez
15 error node -v v0.10.26
16 error npm -v 1.4.3
17 error code ELIFECYCLE
18 verbose exit [ 1, true ]
